高通系统代码/NotePad/NotePad/build/outputs/logs/manifest-merger-debug-report.txt
-- Merging decision tree log ---
manifest
ADDED from src\main\AndroidManifest.xml:57:1-179:12
INJECTED from src\main\AndroidManifest.xml:57:1-179:12
INJECTED from src\main\AndroidManifest.xml:57:1-179:12
	package
		ADDED from src\main\AndroidManifest.xml:58:5-42
		INJECTED from src\main\AndroidManifest.xml
		INJECTED from src\main\AndroidManifest.xml
	xmlns:android
		ADDED from src\main\AndroidManifest.xml:57:11-69
uses-sdk
ADDED from src\main\AndroidManifest.xml:60:5-44
INJECTED from src\main\AndroidManifest.xml:60:5-44
INJECTED from src\main\AndroidManifest.xml:60:5-44
INJECTED from src\main\AndroidManifest.xml:60:5-44
INJECTED from src\main\AndroidManifest.xml:60:5-44
	android:targetSdkVersion
		INJECTED from src\main\AndroidManifest.xml
		ADDED from src\main\AndroidManifest.xml:60:5-44
		INJECTED from src\main\AndroidManifest.xml
	android:minSdkVersion
		ADDED from src\main\AndroidManifest.xml:60:15-41
		INJECTED from src\main\AndroidManifest.xml
		INJECTED from src\main\AndroidManifest.xml
permission#notepad.permission.ACCESS_EDIT_TITLE_CONTROL
ADDED from src\main\AndroidManifest.xml:62:5-79
	android:name
		ADDED from src\main\AndroidManifest.xml:62:17-76
permission#notepad.permission.ACCESS_EDIT_NOTE_CONTROL
ADDED from src\main\AndroidManifest.xml:63:5-78
	android:name
		ADDED from src\main\AndroidManifest.xml:63:17-75
application
ADDED from src\main\AndroidManifest.xml:65:5-177:19
	android:label
		ADDED from src\main\AndroidManifest.xml:67:9-41
	android:icon
		ADDED from src\main\AndroidManifest.xml:66:9-41
activity#com.example.android.notepad.NotesList
ADDED from src\main\AndroidManifest.xml:68:9-94:20
	android:label
		ADDED from src\main\AndroidManifest.xml:71:13-53
	android:configChanges
		ADDED from src\main\AndroidManifest.xml:70:13-74
	android:theme
		ADDED from src\main\AndroidManifest.xml:72:13-46
	android:name
		ADDED from src\main\AndroidManifest.xml:69:13-37
intent-filter#action:name:android.intent.action.MAIN+category:name:android.intent.category.LAUNCHER
ADDED from src\main\AndroidManifest.xml:73:13-77:29
action#android.intent.action.MAIN
ADDED from src\main\AndroidManifest.xml:74:17-69
	android:name
		ADDED from src\main\AndroidManifest.xml:74:25-66
category#android.intent.category.LAUNCHER
ADDED from src\main\AndroidManifest.xml:76:17-77
	android:name
		ADDED from src\main\AndroidManifest.xml:76:27-74
intent-filter#action:name:android.intent.action.EDIT+action:name:android.intent.action.PICK+action:name:android.intent.action.VIEW+category:name:android.intent.category.DEFAULT+data:mimeType:vnd.android.cursor.dir/vnd.google.note
ADDED from src\main\AndroidManifest.xml:78:13-86:29
action#android.intent.action.VIEW
ADDED from src\main\AndroidManifest.xml:79:17-69
	android:name
		ADDED from src\main\AndroidManifest.xml:79:25-66
action#android.intent.action.EDIT
ADDED from src\main\AndroidManifest.xml:80:17-69
	android:name
		ADDED from src\main\AndroidManifest.xml:80:25-66
action#android.intent.action.PICK
ADDED from src\main\AndroidManifest.xml:81:17-69
	android:name
		ADDED from src\main\AndroidManifest.xml:81:25-66
category#android.intent.category.DEFAULT
ADDED from src\main\AndroidManifest.xml:83:17-76
	android:name
		ADDED from src\main\AndroidManifest.xml:83:27-73
data
ADDED from src\main\AndroidManifest.xml:85:17-83
	android:mimeType
		ADDED from src\main\AndroidManifest.xml:85:23-80
intent-filter#action:name:android.intent.action.GET_CONTENT+category:name:android.intent.category.DEFAULT+data:mimeType:vnd.android.cursor.item/vnd.google.note
ADDED from src\main\AndroidManifest.xml:87:13-93:29
action#android.intent.action.GET_CONTENT
ADDED from src\main\AndroidManifest.xml:88:17-76
	android:name
		ADDED from src\main\AndroidManifest.xml:88:25-73
activity#com.example.android.notepad.NoteEditor
ADDED from src\main\AndroidManifest.xml:95:9-130:20
	android:parentActivityName
		ADDED from src\main\AndroidManifest.xml:98:13-79
	android:permission
		ADDED from src\main\AndroidManifest.xml:99:13-77
	android:configChanges
		ADDED from src\main\AndroidManifest.xml:97:13-74
	android:theme
		ADDED from src\main\AndroidManifest.xml:100:13-45
	android:name
		ADDED from src\main\AndroidManifest.xml:96:13-38
intent-filter#action:name:android.intent.action.EDIT+action:name:android.intent.action.VIEW+action:name:com.android.notepad.action.EDIT_NOTE+category:name:android.intent.category.DEFAULT+data:mimeType:vnd.android.cursor.item/vnd.google.note
ADDED from src\main\AndroidManifest.xml:106:13-114:29
	android:label
		ADDED from src\main\AndroidManifest.xml:106:28-64
action#com.android.notepad.action.EDIT_NOTE
ADDED from src\main\AndroidManifest.xml:109:17-79
	android:name
		ADDED from src\main\AndroidManifest.xml:109:25-76
intent-filter#action:name:android.intent.action.INSERT+action:name:android.intent.action.PASTE+category:name:android.intent.category.DEFAULT+data:mimeType:vnd.android.cursor.dir/vnd.google.note
ADDED from src\main\AndroidManifest.xml:122:13-129:29
action#android.intent.action.INSERT
ADDED from src\main\AndroidManifest.xml:123:17-71
	android:name
		ADDED from src\main\AndroidManifest.xml:123:25-68
action#android.intent.action.PASTE
ADDED from src\main\AndroidManifest.xml:124:17-70
	android:name
		ADDED from src\main\AndroidManifest.xml:124:25-67
activity#com.example.android.notepad.TitleEditor
ADDED from src\main\AndroidManifest.xml:131:9-168:20
	android:label
		ADDED from src\main\AndroidManifest.xml:134:13-53
	android:windowSoftInputMode
		ADDED from src\main\AndroidManifest.xml:137:13-55
	android:permission
		ADDED from src\main\AndroidManifest.xml:136:13-78
	android:icon
		ADDED from src\main\AndroidManifest.xml:133:13-50
	android:theme
		ADDED from src\main\AndroidManifest.xml:135:13-61
	android:name
		ADDED from src\main\AndroidManifest.xml:132:13-39
intent-filter#action:name:com.android.notepad.action.EDIT_TITLE+category:name:android.intent.category.ALTERNATIVE+category:name:android.intent.category.DEFAULT+category:name:android.intent.category.SELECTED_ALTERNATIVE+data:mimeType:vnd.android.cursor.item/vnd.google.note
ADDED from src\main\AndroidManifest.xml:145:13-167:29
	android:label
		ADDED from src\main\AndroidManifest.xml:145:28-65
action#com.android.notepad.action.EDIT_TITLE
ADDED from src\main\AndroidManifest.xml:152:17-80
	android:name
		ADDED from src\main\AndroidManifest.xml:152:25-77
category#android.intent.category.ALTERNATIVE
ADDED from src\main\AndroidManifest.xml:159:17-80
	android:name
		ADDED from src\main\AndroidManifest.xml:159:27-77
category#android.intent.category.SELECTED_ALTERNATIVE
ADDED from src\main\AndroidManifest.xml:164:17-89
	android:name
		ADDED from src\main\AndroidManifest.xml:164:27-86
activity#com.example.android.notepad.BaseActivity
ADDED from src\main\AndroidManifest.xml:169:9-49
	android:name
		ADDED from src\main\AndroidManifest.xml:169:19-47
provider#com.example.android.notepad.NotePadProvider
ADDED from src\main\AndroidManifest.xml:171:9-176:20
	android:authorities
		ADDED from src\main\AndroidManifest.xml:173:13-62
	android:exported
		ADDED from src\main\AndroidManifest.xml:174:13-37
	android:name
		ADDED from src\main\AndroidManifest.xml:172:13-43
grant-uri-permission
ADDED from src\main\AndroidManifest.xml:175:13-62
	android:pathPattern
		ADDED from src\main\AndroidManifest.xml:175:35-59